⠏ |   0       | c5⠋ |   1       | c5⠸ |   4       | c5⠼ |   5       | c5⠏ |   0       | classbagg⠋ |   1       | classbagg⠏ |   0       | cv.glmnet⠋ |   1       | cv.glmnet⠹ |   3       | cv.glmnet⠏ |   0       | earth⠋ |   1       | earth⠏ |   0       | elnet⠏ |   0       | example⠏ |   0       | flexsurvreg⠋ |   1       | flexsurvreg⠇ |   9       | flexsurvreg⠏ |  10       | flexsurvreg⠏ |   0       | gausspr⠋ |   1       | gausspr⠴ |   6       | gausspr⠏ |   0       | glmnet⠏ |   0       | kknn⠋ |   1       | kknn⠏ |   0       | ksvm⠋ |   1       | ksvm⠸ |   4       | ksvm⠏ |   0       | lm⠏ |   0       | locate⠏ |   0       | mda⠋ |   1       | mda⠧ |   8       | mda⠏ |   0       | multnet⠏ |   0       | nnet⠋ |   1       | nnet⠏ |   0       | randomForest⠹ |   3       | randomForest⠼ |   4 1     | randomForest⠏ |   0       | ranger⠋ |   1       | ranger⠼ |   5       | ranger⠇ |   9       | ranger⠏ |   0       | recipe⠋ |   1       | recipe⠏ |  20       | recipe⠏ |  30       | recipe⠼ |  35       | recipe⠏ |  40       | recipe⠹ |  53       | recipe⠴ |  56       | recipe⠴ |  66       | recipe⠙ |  72       | recipe⠦ |  77       | recipe⠏ |   0       | rpart⠏ |   0       | sclass⠋ |   1       | sclass⠏ |   0       | spark⠏ |   0       | stanreg⠏ |   0       | survreg.penal⠋ |   1       | survreg.penal⠏ |   0       | survreg⠦ |   7       | survreg⠏ |   0       | train⠋ |   0 1     | train⠙ |   1 1     | train⠋ |  10 1     | train⠏ |   0       | train.recipe⠋ |   1       | train.recipe⠏ |   0       | weigh⠋ |   1       | weigh⠏ |   0       | xgb.Booster⠋ |   1       | xgb.Booster⠼ |   5       | xgb.Booster⠧ |   8       | xgb.Booster